<?xml version="1.0" encoding="UTF-8"?>
<!-- Generated by org.testng.reporters.JUnitXMLReporter -->
<testsuite ignored="0" hostname="DESKTOP-36OJA94" failures="0" tests="2" name="Test" time="4.443" errors="0" timestamp="2023-12-03T14:11:31 IST">
  <testcase classname="Module1_Login_Test.SwagLabTest" name="@BeforeClass OpenBrowser" time="4.311">
    <failure type="org.openqa.selenium.remote.NoSuchDriverException" message="Unable to obtain: Capabilities {browserName: chrome, goog:chromeOptions: {args: [--remote-allow-origins=*], extensions: []}}">
      <![CDATA[org.openqa.selenium.remote.NoSuchDriverException: Unable to obtain: Capabilities {browserName: chrome, goog:chromeOptions: {args: [--remote-allow-origins=*], extensions: []}}
at org.openqa.selenium.remote.service.DriverFinder.getPath(DriverFinder.java:29)
at org.openqa.selenium.chrome.ChromeDriver.generateExecutor(ChromeDriver.java:98)
at org.openqa.selenium.chrome.ChromeDriver.<init>(ChromeDriver.java:87)
at org.openqa.selenium.chrome.ChromeDriver.<init>(ChromeDriver.java:82)
at org.openqa.selenium.chrome.ChromeDriver.<init>(ChromeDriver.java:50)
at LibraryFiles.BaseClass.OpenChromeBrowser(BaseClass.java:16)
at Module1_Login_Test.SwagLabTest.OpenBrowser(SwagLabTest.java:33)
at java.base/java.util.ArrayList.forEach(ArrayList.java:1596)
Caused by: org.openqa.selenium.WebDriverException: Unsuccessful command executed: [C:\Users\LENOVO\AppData\Local\Temp\selenium-manager2473796725549003782017503328930574\selenium-manager.exe, --browser, chrome, --output, json]
The chromedriver version cannot be discovered
Build info: version: '4.10.0', revision: 'c14d967899'
System info: os.name: 'Windows 10', os.arch: 'amd64', os.version: '10.0', java.version: '21.0.1'
Driver info: driver.version: ChromeDriver
at org.openqa.selenium.manager.SeleniumManager.runCommand(SeleniumManager.java:130)
at org.openqa.selenium.manager.SeleniumManager.getDriverPath(SeleniumManager.java:251)
at org.openqa.selenium.remote.service.DriverFinder.getPath(DriverFinder.java:27)
... 30 more
... Removed 23 stack frames]]>
    </failure>
  </testcase> <!-- @BeforeClass OpenBrowser -->
  <testcase classname="Module1_Login_Test.SwagLabTest" name="@BeforeMethod LoginToApp" time="-1.701592891626E9">
    <skipped/>
  </testcase> <!-- @BeforeMethod LoginToApp -->
  <testcase classname="Module1_Login_Test.SwagLabTest" name="@AfterMethod LogoutApp" time="-1.701592891644E9">
    <skipped/>
  </testcase> <!-- @AfterMethod LogoutApp -->
  <testcase classname="Module1_Login_Test.SwagLabTest" name="@BeforeMethod LoginToApp" time="-1.701592891654E9">
    <skipped/>
  </testcase> <!-- @BeforeMethod LoginToApp -->
  <testcase classname="Module1_Login_Test.SwagLabTest" name="@AfterMethod LogoutApp" time="-1.701592891664E9">
    <skipped/>
  </testcase> <!-- @AfterMethod LogoutApp -->
  <testcase classname="Module1_Login_Test.SwagLabTest" name="@AfterClass CloseBrowser" time="-1.70159289167E9">
    <skipped/>
  </testcase> <!-- @AfterClass CloseBrowser -->
  <testcase classname="Module1_Login_Test.SwagLabTest" name="verifyTitle" time="0.0">
    <skipped/>
  </testcase> <!-- verifyTitle -->
  <testcase classname="Module1_Login_Test.SwagLabTest" name="AddToCart" time="0.0">
    <skipped/>
  </testcase> <!-- AddToCart -->
</testsuite> <!-- Test -->
